[ 2015-05-31T00:47:19+08:00 ] 127.0.0.1 /thinkphp/index.php/VerifyController.class.php
INFO: [ app_init ] --START--
INFO: Run Behavior\BuildLiteBehavior [ RunTime:0.000025s ]
INFO: [ app_init ] --END-- [ RunTime:0.000824s ]
ERR: 无法加载模块:VerifyController.class

[ 2015-05-31T00:48:56+08:00 ] 127.0.0.1 /thinkphp/index.php/ErController.class.php
INFO: [ app_init ] --START--
INFO: Run Behavior\BuildLiteBehavior [ RunTime:0.000024s ]
INFO: [ app_init ] --END-- [ RunTime:0.000765s ]
ERR: 无法加载模块:ErController.class

[ 2015-05-31T02:00:26+08:00 ] 127.0.0.1 /thinkphp/index.php/Application/Home/Controller/ErController/hello
INFO: [ app_init ] --START--
INFO: Run Behavior\BuildLiteBehavior [ RunTime:0.000047s ]
INFO: [ app_init ] --END-- [ RunTime:0.003215s ]
ERR: 无法加载模块:Application

[ 2015-05-31T02:02:53+08:00 ] 127.0.0.1 /thinkphp/index.php/Application/Home/Controller/IndexController/index
INFO: [ app_init ] --START--
INFO: Run Behavior\BuildLiteBehavior [ RunTime:0.000063s ]
INFO: [ app_init ] --END-- [ RunTime:0.006060s ]
ERR: 无法加载模块:Application

[ 2015-05-31T02:08:16+08:00 ] 127.0.0.1 /thinkphp/index.php/ErController.class.php
INFO: [ app_init ] --START--
INFO: Run Behavior\BuildLiteBehavior [ RunTime:0.000028s ]
INFO: [ app_init ] --END-- [ RunTime:0.000805s ]
ERR: 无法加载模块:ErController.class

